Client/app/build/intermediates/manifest_merge_blame_file/debug/manifest-merger-blame-debug-report.txt
1<?xml version="1.0" encoding="utf-8"?>
2<manifest xmlns:android="http://schemas.android.com/apk/res/android"
3    package="com.example.hackathon"
4    android:versionCode="1"
5    android:versionName="1.0" >
6
7    <uses-sdk
8        android:minSdkVersion="21"
<<<<<<< HEAD
8-->src\main\AndroidManifest.xml
9        android:targetSdkVersion="32" />
9-->src\main\AndroidManifest.xml
10
11    <uses-permission android:name="android.permission.INTERNET" />
11-->src\main\AndroidManifest.xml:5:5-67
11-->src\main\AndroidManifest.xml:5:22-64
12    <uses-permission android:name="android.permission.CAMERA" />
12-->src\main\AndroidManifest.xml:6:5-65
12-->src\main\AndroidManifest.xml:6:22-62
=======
8-->src\main\AndroidManifest.xml
9        android:targetSdkVersion="32" />
9-->src\main\AndroidManifest.xml
10
11    <uses-permission android:name="android.permission.INTERNET" />
11-->src\main\AndroidManifest.xml:5:5-67
11-->src\main\AndroidManifest.xml:5:22-64
12    <uses-permission android:name="android.permission.CAMERA" />
12-->src\main\AndroidManifest.xml:6:5-65
12-->src\main\AndroidManifest.xml:6:22-62
>>>>>>> origin/Bilal
13
14    <!-- Don't require camera, as this requires a rear camera. This allows it to work on the Nexus 7 -->
15    <uses-feature
15-->[com.journeyapps:zxing-android-embedded:4.3.0] AndroidManifest.xml:25:5-27:36
16        android:name="android.hardware.camera"
16-->[com.journeyapps:zxing-android-embedded:4.3.0] AndroidManifest.xml:26:9-47
17        android:required="false" />
17-->[com.journeyapps:zxing-android-embedded:4.3.0] AndroidManifest.xml:27:9-33
18    <uses-feature
18-->[com.journeyapps:zxing-android-embedded:4.3.0] AndroidManifest.xml:28:5-30:36
19        android:name="android.hardware.camera.front"
19-->[com.journeyapps:zxing-android-embedded:4.3.0] AndroidManifest.xml:29:9-53
20        android:required="false" /> <!-- TODO replace above two with next line after Android 4.2 -->
20-->[com.journeyapps:zxing-android-embedded:4.3.0] AndroidManifest.xml:30:9-33
21    <!-- <uses-feature android:name="android.hardware.camera.any"/> -->
22    <uses-feature
22-->[com.journeyapps:zxing-android-embedded:4.3.0] AndroidManifest.xml:33:5-35:36
23        android:name="android.hardware.camera.autofocus"
23-->[com.journeyapps:zxing-android-embedded:4.3.0] AndroidManifest.xml:34:9-57
24        android:required="false" />
24-->[com.journeyapps:zxing-android-embedded:4.3.0] AndroidManifest.xml:35:9-33
25    <uses-feature
25-->[com.journeyapps:zxing-android-embedded:4.3.0] AndroidManifest.xml:36:5-38:36
26        android:name="android.hardware.camera.flash"
26-->[com.journeyapps:zxing-android-embedded:4.3.0] AndroidManifest.xml:37:9-53
27        android:required="false" />
27-->[com.journeyapps:zxing-android-embedded:4.3.0] AndroidManifest.xml:38:9-33
28    <uses-feature
28-->[com.journeyapps:zxing-android-embedded:4.3.0] AndroidManifest.xml:39:5-41:36
29        android:name="android.hardware.screen.landscape"
29-->[com.journeyapps:zxing-android-embedded:4.3.0] AndroidManifest.xml:40:9-57
30        android:required="false" />
30-->[com.journeyapps:zxing-android-embedded:4.3.0] AndroidManifest.xml:41:9-33
31    <uses-feature
31-->[com.journeyapps:zxing-android-embedded:4.3.0] AndroidManifest.xml:42:5-44:36
32        android:name="android.hardware.wifi"
32-->[com.journeyapps:zxing-android-embedded:4.3.0] AndroidManifest.xml:43:9-45
33        android:required="false" />
33-->[com.journeyapps:zxing-android-embedded:4.3.0] AndroidManifest.xml:44:9-33
34
<<<<<<< HEAD
35    <uses-permission android:name="android.permission.WRITE_EXTERNAL_STORAGE" />
35-->[androidmads.library.qrgenearator:QRGenearator:1.0.3] AndroidManifest.xml:11:5-81
35-->[androidmads.library.qrgenearator:QRGenearator:1.0.3] AndroidManifest.xml:11:22-78
36    <uses-permission android:name="android.permission.READ_EXTERNAL_STORAGE" />
37
38    <application
38-->src\main\AndroidManifest.xml:8:5-100:19
39        android:allowBackup="true"
39-->src\main\AndroidManifest.xml:10:9-35
40        android:appComponentFactory="androidx.core.app.CoreComponentFactory"
40-->[androidx.core:core:1.8.0] AndroidManifest.xml:24:18-86
41        android:dataExtractionRules="@xml/data_extraction_rules"
41-->src\main\AndroidManifest.xml:11:9-65
42        android:debuggable="true"
43        android:fullBackupContent="@xml/backup_rules"
43-->src\main\AndroidManifest.xml:12:9-54
44        android:icon="@mipmap/ic_launcher"
44-->src\main\AndroidManifest.xml:13:9-43
45        android:label="@string/app_name"
45-->src\main\AndroidManifest.xml:14:9-41
46        android:roundIcon="@mipmap/ic_launcher_round"
46-->src\main\AndroidManifest.xml:15:9-54
47        android:supportsRtl="true"
47-->src\main\AndroidManifest.xml:16:9-35
48        android:testOnly="true"
49        android:theme="@style/Theme.Hackathon"
49-->src\main\AndroidManifest.xml:17:9-47
50        android:usesCleartextTraffic="true" >
50-->src\main\AndroidManifest.xml:9:9-44
51        <activity
51-->src\main\AndroidManifest.xml:19:9-25:20
52            android:name="com.example.hackathon.GetDataActivity"
52-->src\main\AndroidManifest.xml:20:13-44
53            android:exported="false" >
53-->src\main\AndroidManifest.xml:21:13-37
54            <meta-data
54-->src\main\AndroidManifest.xml:22:13-24:36
55                android:name="android.app.lib_name"
55-->src\main\AndroidManifest.xml:23:17-52
56                android:value="" />
56-->src\main\AndroidManifest.xml:24:17-33
57        </activity>
58        <activity
58-->src\main\AndroidManifest.xml:26:9-32:20
59            android:name="com.example.hackathon.QRscannerAcitivty"
59-->src\main\AndroidManifest.xml:27:13-46
60            android:exported="false" >
60-->src\main\AndroidManifest.xml:28:13-37
61            <meta-data
61-->src\main\AndroidManifest.xml:22:13-24:36
62                android:name="android.app.lib_name"
62-->src\main\AndroidManifest.xml:23:17-52
63                android:value="" />
63-->src\main\AndroidManifest.xml:24:17-33
64        </activity>
65        <activity
65-->src\main\AndroidManifest.xml:33:9-39:20
66            android:name="com.example.hackathon.ReceptionActivity"
66-->src\main\AndroidManifest.xml:34:13-46
67            android:exported="true" >
67-->src\main\AndroidManifest.xml:35:13-36
68            <meta-data
68-->src\main\AndroidManifest.xml:22:13-24:36
69                android:name="android.app.lib_name"
69-->src\main\AndroidManifest.xml:23:17-52
70                android:value="" />
70-->src\main\AndroidManifest.xml:24:17-33
71        </activity>
72        <activity
72-->src\main\AndroidManifest.xml:40:9-46:20
73            android:name="com.example.hackathon.CafeteriaActivity"
73-->src\main\AndroidManifest.xml:41:13-46
74            android:exported="false" >
74-->src\main\AndroidManifest.xml:42:13-37
75            <meta-data
75-->src\main\AndroidManifest.xml:22:13-24:36
76                android:name="android.app.lib_name"
76-->src\main\AndroidManifest.xml:23:17-52
77                android:value="" />
77-->src\main\AndroidManifest.xml:24:17-33
78        </activity>
79        <activity
79-->src\main\AndroidManifest.xml:47:9-53:20
80            android:name="com.example.hackathon.StaffActivity"
80-->src\main\AndroidManifest.xml:48:13-42
81            android:exported="false" >
81-->src\main\AndroidManifest.xml:49:13-37
82            <meta-data
82-->src\main\AndroidManifest.xml:22:13-24:36
83                android:name="android.app.lib_name"
83-->src\main\AndroidManifest.xml:23:17-52
84                android:value="" />
84-->src\main\AndroidManifest.xml:24:17-33
85        </activity>
86        <activity
86-->src\main\AndroidManifest.xml:54:9-60:20
87            android:name="com.example.hackathon.StudentDashBoardActivity"
87-->src\main\AndroidManifest.xml:55:13-53
88            android:exported="false" >
88-->src\main\AndroidManifest.xml:56:13-37
89            <meta-data
89-->src\main\AndroidManifest.xml:22:13-24:36
90                android:name="android.app.lib_name"
90-->src\main\AndroidManifest.xml:23:17-52
91                android:value="" />
91-->src\main\AndroidManifest.xml:24:17-33
92        </activity>
93        <activity
93-->src\main\AndroidManifest.xml:61:9-73:20
94            android:name="com.example.hackathon.LoadingScreenActivity"
94-->src\main\AndroidManifest.xml:62:13-50
95            android:exported="true" >
95-->src\main\AndroidManifest.xml:63:13-36
96            <intent-filter>
96-->src\main\AndroidManifest.xml:64:13-68:29
97                <action android:name="android.intent.action.MAIN" />
97-->src\main\AndroidManifest.xml:65:17-69
97-->src\main\AndroidManifest.xml:65:25-66
98
99                <category android:name="android.intent.category.LAUNCHER" />
99-->src\main\AndroidManifest.xml:67:17-77
99-->src\main\AndroidManifest.xml:67:27-74
100            </intent-filter>
101
102            <meta-data
102-->src\main\AndroidManifest.xml:22:13-24:36
103                android:name="android.app.lib_name"
103-->src\main\AndroidManifest.xml:23:17-52
104                android:value="" />
104-->src\main\AndroidManifest.xml:24:17-33
105        </activity>
106        <activity
106-->src\main\AndroidManifest.xml:74:9-80:20
107            android:name="com.example.hackathon.TestActivity"
107-->src\main\AndroidManifest.xml:75:13-41
108            android:exported="false" >
108-->src\main\AndroidManifest.xml:76:13-37
109            <meta-data
109-->src\main\AndroidManifest.xml:22:13-24:36
110                android:name="android.app.lib_name"
110-->src\main\AndroidManifest.xml:23:17-52
111                android:value="" />
111-->src\main\AndroidManifest.xml:24:17-33
112        </activity>
113        <activity
113-->src\main\AndroidManifest.xml:81:9-99:20
114            android:name="com.example.hackathon.MainActivity"
114-->src\main\AndroidManifest.xml:82:13-41
115            android:exported="true" >
115-->src\main\AndroidManifest.xml:83:13-36
116            <meta-data
116-->src\main\AndroidManifest.xml:22:13-24:36
117                android:name="android.app.lib_name"
117-->src\main\AndroidManifest.xml:23:17-52
118                android:value="" />
118-->src\main\AndroidManifest.xml:24:17-33
119
120            <intent-filter>
120-->src\main\AndroidManifest.xml:88:13-98:29
121                <action android:name="android.intent.action.VIEW" />
121-->src\main\AndroidManifest.xml:89:17-69
121-->src\main\AndroidManifest.xml:89:25-66
122
123                <category android:name="android.intent.category.DEFAULT" />
123-->src\main\AndroidManifest.xml:91:17-76
123-->src\main\AndroidManifest.xml:91:27-73
124                <category android:name="android.intent.category.BROWSABLE" />
124-->src\main\AndroidManifest.xml:92:17-78
124-->src\main\AndroidManifest.xml:92:27-75
125
126                <data
126-->src\main\AndroidManifest.xml:94:17-97:46
127                    android:host="www.electra.ae"
127-->src\main\AndroidManifest.xml:95:21-50
128                    android:path="/soso"
128-->src\main\AndroidManifest.xml:96:21-41
129                    android:scheme="https" />
129-->src\main\AndroidManifest.xml:97:21-43
130            </intent-filter>
131        </activity>
132
133        <provider
133-->[androidx.emoji2:emoji2:1.2.0] AndroidManifest.xml:24:9-32:20
134            android:name="androidx.startup.InitializationProvider"
134-->[androidx.emoji2:emoji2:1.2.0] AndroidManifest.xml:25:13-67
135            android:authorities="com.example.hackathon.androidx-startup"
135-->[androidx.emoji2:emoji2:1.2.0] AndroidManifest.xml:26:13-68
136            android:exported="false" >
136-->[androidx.emoji2:emoji2:1.2.0] AndroidManifest.xml:27:13-37
137            <meta-data
137-->[androidx.emoji2:emoji2:1.2.0] AndroidManifest.xml:29:13-31:52
138                android:name="androidx.emoji2.text.EmojiCompatInitializer"
138-->[androidx.emoji2:emoji2:1.2.0] AndroidManifest.xml:30:17-75
139                android:value="androidx.startup" />
139-->[androidx.emoji2:emoji2:1.2.0] AndroidManifest.xml:31:17-49
140            <meta-data
140-->[androidx.lifecycle:lifecycle-process:2.4.1] AndroidManifest.xml:31:13-33:52
141                android:name="androidx.lifecycle.ProcessLifecycleInitializer"
141-->[androidx.lifecycle:lifecycle-process:2.4.1] AndroidManifest.xml:32:17-78
142                android:value="androidx.startup" />
142-->[androidx.lifecycle:lifecycle-process:2.4.1] AndroidManifest.xml:33:17-49
143        </provider>
144
145        <activity
145-->[com.journeyapps:zxing-android-embedded:4.3.0] AndroidManifest.xml:47:9-53:63
146            android:name="com.journeyapps.barcodescanner.CaptureActivity"
146-->[com.journeyapps:zxing-android-embedded:4.3.0] AndroidManifest.xml:48:13-74
147            android:clearTaskOnLaunch="true"
147-->[com.journeyapps:zxing-android-embedded:4.3.0] AndroidManifest.xml:49:13-45
148            android:screenOrientation="sensorLandscape"
148-->[com.journeyapps:zxing-android-embedded:4.3.0] AndroidManifest.xml:50:13-56
149            android:stateNotNeeded="true"
149-->[com.journeyapps:zxing-android-embedded:4.3.0] AndroidManifest.xml:51:13-42
150            android:theme="@style/zxing_CaptureTheme"
150-->[com.journeyapps:zxing-android-embedded:4.3.0] AndroidManifest.xml:52:13-54
151            android:windowSoftInputMode="stateAlwaysHidden" />
151-->[com.journeyapps:zxing-android-embedded:4.3.0] AndroidManifest.xml:53:13-60
152
153        <provider
153-->[com.squareup.picasso:picasso:2.71828] AndroidManifest.xml:8:9-11:40
154            android:name="com.squareup.picasso.PicassoProvider"
154-->[com.squareup.picasso:picasso:2.71828] AndroidManifest.xml:9:13-64
155            android:authorities="com.example.hackathon.com.squareup.picasso"
155-->[com.squareup.picasso:picasso:2.71828] AndroidManifest.xml:10:13-72
156            android:exported="false" />
156-->[com.squareup.picasso:picasso:2.71828] AndroidManifest.xml:11:13-37
157    </application>
158
159</manifest>
=======
35    <application
35-->src\main\AndroidManifest.xml:8:5-155:19
36        android:allowBackup="true"
36-->src\main\AndroidManifest.xml:9:9-35
37        android:appComponentFactory="androidx.core.app.CoreComponentFactory"
37-->[androidx.core:core:1.8.0] AndroidManifest.xml:24:18-86
38        android:dataExtractionRules="@xml/data_extraction_rules"
38-->src\main\AndroidManifest.xml:10:9-65
39        android:debuggable="true"
40        android:fullBackupContent="@xml/backup_rules"
40-->src\main\AndroidManifest.xml:11:9-54
41        android:icon="@mipmap/ic_launcher"
41-->src\main\AndroidManifest.xml:12:9-43
42        android:label="@string/app_name"
42-->src\main\AndroidManifest.xml:13:9-41
43        android:roundIcon="@mipmap/ic_launcher_round"
43-->src\main\AndroidManifest.xml:14:9-54
44        android:supportsRtl="true"
44-->src\main\AndroidManifest.xml:15:9-35
45        android:testOnly="true"
46        android:theme="@style/Theme.Hackathon" >
46-->src\main\AndroidManifest.xml:16:9-47
47        <activity
47-->src\main\AndroidManifest.xml:18:9-24:20
48            android:name="com.example.hackathon.loginpage"
48-->src\main\AndroidManifest.xml:19:13-38
49            android:exported="false" >
49-->src\main\AndroidManifest.xml:20:13-37
50            <meta-data
50-->src\main\AndroidManifest.xml:21:13-23:36
51                android:name="android.app.lib_name"
51-->src\main\AndroidManifest.xml:22:17-52
52                android:value="" />
52-->src\main\AndroidManifest.xml:23:17-33
53        </activity>
54        <activity
54-->src\main\AndroidManifest.xml:25:9-31:20
55            android:name="com.example.hackathon.food_boxview"
55-->src\main\AndroidManifest.xml:26:13-41
56            android:exported="false" >
56-->src\main\AndroidManifest.xml:27:13-37
57            <meta-data
57-->src\main\AndroidManifest.xml:21:13-23:36
58                android:name="android.app.lib_name"
58-->src\main\AndroidManifest.xml:22:17-52
59                android:value="" />
59-->src\main\AndroidManifest.xml:23:17-33
60        </activity>
61        <activity
61-->src\main\AndroidManifest.xml:32:9-38:20
62            android:name="com.example.hackathon.foodDash"
62-->src\main\AndroidManifest.xml:33:13-37
63            android:exported="false" >
63-->src\main\AndroidManifest.xml:34:13-37
64            <meta-data
64-->src\main\AndroidManifest.xml:21:13-23:36
65                android:name="android.app.lib_name"
65-->src\main\AndroidManifest.xml:22:17-52
66                android:value="" />
66-->src\main\AndroidManifest.xml:23:17-33
67        </activity>
68        <activity
68-->src\main\AndroidManifest.xml:39:9-45:20
69            android:name="com.example.hackathon.movie_feedback"
69-->src\main\AndroidManifest.xml:40:13-43
70            android:exported="false" >
70-->src\main\AndroidManifest.xml:41:13-37
71            <meta-data
71-->src\main\AndroidManifest.xml:21:13-23:36
72                android:name="android.app.lib_name"
72-->src\main\AndroidManifest.xml:22:17-52
73                android:value="" />
73-->src\main\AndroidManifest.xml:23:17-33
74        </activity>
75        <activity
75-->src\main\AndroidManifest.xml:46:9-52:20
76            android:name="com.example.hackathon.movieWaiting"
76-->src\main\AndroidManifest.xml:47:13-41
77            android:exported="false" >
77-->src\main\AndroidManifest.xml:48:13-37
78            <meta-data
78-->src\main\AndroidManifest.xml:21:13-23:36
79                android:name="android.app.lib_name"
79-->src\main\AndroidManifest.xml:22:17-52
80                android:value="" />
80-->src\main\AndroidManifest.xml:23:17-33
81        </activity>
82        <activity
82-->src\main\AndroidManifest.xml:53:9-59:20
83            android:name="com.example.hackathon.movieActivity"
83-->src\main\AndroidManifest.xml:54:13-42
84            android:exported="false" >
84-->src\main\AndroidManifest.xml:55:13-37
85            <meta-data
85-->src\main\AndroidManifest.xml:21:13-23:36
86                android:name="android.app.lib_name"
86-->src\main\AndroidManifest.xml:22:17-52
87                android:value="" />
87-->src\main\AndroidManifest.xml:23:17-33
88        </activity>
89        <activity
89-->src\main\AndroidManifest.xml:60:9-66:20
90            android:name="com.example.hackathon.footywaiting"
90-->src\main\AndroidManifest.xml:61:13-41
91            android:exported="false" >
91-->src\main\AndroidManifest.xml:62:13-37
92            <meta-data
92-->src\main\AndroidManifest.xml:21:13-23:36
93                android:name="android.app.lib_name"
93-->src\main\AndroidManifest.xml:22:17-52
94                android:value="" />
94-->src\main\AndroidManifest.xml:23:17-33
95        </activity>
96        <activity
96-->src\main\AndroidManifest.xml:67:9-73:20
97            android:name="com.example.hackathon.footexpand"
97-->src\main\AndroidManifest.xml:68:13-39
98            android:exported="false" >
98-->src\main\AndroidManifest.xml:69:13-37
99            <meta-data
99-->src\main\AndroidManifest.xml:21:13-23:36
100                android:name="android.app.lib_name"
100-->src\main\AndroidManifest.xml:22:17-52
101                android:value="" />
101-->src\main\AndroidManifest.xml:23:17-33
102        </activity>
103        <activity
103-->src\main\AndroidManifest.xml:74:9-80:20
104            android:name="com.example.hackathon.HomeActivity"
104-->src\main\AndroidManifest.xml:75:13-41
105            android:exported="false" >
105-->src\main\AndroidManifest.xml:76:13-37
106            <meta-data
106-->src\main\AndroidManifest.xml:21:13-23:36
107                android:name="android.app.lib_name"
107-->src\main\AndroidManifest.xml:22:17-52
108                android:value="" />
108-->src\main\AndroidManifest.xml:23:17-33
109        </activity>
110        <activity
110-->src\main\AndroidManifest.xml:81:9-87:20
111            android:name="com.example.hackathon.QRscannerAcitivty"
111-->src\main\AndroidManifest.xml:82:13-46
112            android:exported="false" >
112-->src\main\AndroidManifest.xml:83:13-37
113            <meta-data
113-->src\main\AndroidManifest.xml:21:13-23:36
114                android:name="android.app.lib_name"
114-->src\main\AndroidManifest.xml:22:17-52
115                android:value="" />
115-->src\main\AndroidManifest.xml:23:17-33
116        </activity>
117        <activity
117-->src\main\AndroidManifest.xml:88:9-94:20
118            android:name="com.example.hackathon.ReceptionActivity"
118-->src\main\AndroidManifest.xml:89:13-46
119            android:exported="true" >
119-->src\main\AndroidManifest.xml:90:13-36
120            <meta-data
120-->src\main\AndroidManifest.xml:21:13-23:36
121                android:name="android.app.lib_name"
121-->src\main\AndroidManifest.xml:22:17-52
122                android:value="" />
122-->src\main\AndroidManifest.xml:23:17-33
123        </activity>
124        <activity
124-->src\main\AndroidManifest.xml:95:9-101:20
125            android:name="com.example.hackathon.CafeteriaActivity"
125-->src\main\AndroidManifest.xml:96:13-46
126            android:exported="false" >
126-->src\main\AndroidManifest.xml:97:13-37
127            <meta-data
127-->src\main\AndroidManifest.xml:21:13-23:36
128                android:name="android.app.lib_name"
128-->src\main\AndroidManifest.xml:22:17-52
129                android:value="" />
129-->src\main\AndroidManifest.xml:23:17-33
130        </activity>
131        <activity
131-->src\main\AndroidManifest.xml:102:9-108:20
132            android:name="com.example.hackathon.StaffActivity"
132-->src\main\AndroidManifest.xml:103:13-42
133            android:exported="false" >
133-->src\main\AndroidManifest.xml:104:13-37
134            <meta-data
134-->src\main\AndroidManifest.xml:21:13-23:36
135                android:name="android.app.lib_name"
135-->src\main\AndroidManifest.xml:22:17-52
136                android:value="" />
136-->src\main\AndroidManifest.xml:23:17-33
137        </activity>
138        <activity
138-->src\main\AndroidManifest.xml:109:9-115:20
139            android:name="com.example.hackathon.StudentDashBoardActivity"
139-->src\main\AndroidManifest.xml:110:13-53
140            android:exported="false" >
140-->src\main\AndroidManifest.xml:111:13-37
141            <meta-data
141-->src\main\AndroidManifest.xml:21:13-23:36
142                android:name="android.app.lib_name"
142-->src\main\AndroidManifest.xml:22:17-52
143                android:value="" />
143-->src\main\AndroidManifest.xml:23:17-33
144        </activity>
145        <activity
145-->src\main\AndroidManifest.xml:116:9-128:20
146            android:name="com.example.hackathon.LoadingScreenActivity"
146-->src\main\AndroidManifest.xml:117:13-50
147            android:exported="true" >
147-->src\main\AndroidManifest.xml:118:13-36
148            <intent-filter>
148-->src\main\AndroidManifest.xml:119:13-123:29
149                <action android:name="android.intent.action.MAIN" />
149-->src\main\AndroidManifest.xml:120:17-69
149-->src\main\AndroidManifest.xml:120:25-66
150
151                <category android:name="android.intent.category.LAUNCHER" />
151-->src\main\AndroidManifest.xml:122:17-77
151-->src\main\AndroidManifest.xml:122:27-74
152            </intent-filter>
153
154            <meta-data
154-->src\main\AndroidManifest.xml:21:13-23:36
155                android:name="android.app.lib_name"
155-->src\main\AndroidManifest.xml:22:17-52
156                android:value="" />
156-->src\main\AndroidManifest.xml:23:17-33
157        </activity>
158        <activity
158-->src\main\AndroidManifest.xml:129:9-135:20
159            android:name="com.example.hackathon.TestActivity"
159-->src\main\AndroidManifest.xml:130:13-41
160            android:exported="false" >
160-->src\main\AndroidManifest.xml:131:13-37
161            <meta-data
161-->src\main\AndroidManifest.xml:21:13-23:36
162                android:name="android.app.lib_name"
162-->src\main\AndroidManifest.xml:22:17-52
163                android:value="" />
163-->src\main\AndroidManifest.xml:23:17-33
164        </activity>
165        <activity
165-->src\main\AndroidManifest.xml:136:9-154:20
166            android:name="com.example.hackathon.MainActivity"
166-->src\main\AndroidManifest.xml:137:13-41
167            android:exported="true" >
167-->src\main\AndroidManifest.xml:138:13-36
168            <meta-data
168-->src\main\AndroidManifest.xml:21:13-23:36
169                android:name="android.app.lib_name"
169-->src\main\AndroidManifest.xml:22:17-52
170                android:value="" />
170-->src\main\AndroidManifest.xml:23:17-33
171
172            <intent-filter>
172-->src\main\AndroidManifest.xml:143:13-153:29
173                <action android:name="android.intent.action.VIEW" />
173-->src\main\AndroidManifest.xml:144:17-69
173-->src\main\AndroidManifest.xml:144:25-66
174
175                <category android:name="android.intent.category.DEFAULT" />
175-->src\main\AndroidManifest.xml:146:17-76
175-->src\main\AndroidManifest.xml:146:27-73
176                <category android:name="android.intent.category.BROWSABLE" />
176-->src\main\AndroidManifest.xml:147:17-78
176-->src\main\AndroidManifest.xml:147:27-75
177
178                <data
178-->src\main\AndroidManifest.xml:149:17-152:46
179                    android:host="www.electra.ae"
179-->src\main\AndroidManifest.xml:150:21-50
180                    android:path="/soso"
180-->src\main\AndroidManifest.xml:151:21-41
181                    android:scheme="https" />
181-->src\main\AndroidManifest.xml:152:21-43
182            </intent-filter>
183        </activity>
184
185        <provider
185-->[androidx.emoji2:emoji2:1.2.0] AndroidManifest.xml:24:9-32:20
186            android:name="androidx.startup.InitializationProvider"
186-->[androidx.emoji2:emoji2:1.2.0] AndroidManifest.xml:25:13-67
187            android:authorities="com.example.hackathon.androidx-startup"
187-->[androidx.emoji2:emoji2:1.2.0] AndroidManifest.xml:26:13-68
188            android:exported="false" >
188-->[androidx.emoji2:emoji2:1.2.0] AndroidManifest.xml:27:13-37
189            <meta-data
189-->[androidx.emoji2:emoji2:1.2.0] AndroidManifest.xml:29:13-31:52
190                android:name="androidx.emoji2.text.EmojiCompatInitializer"
190-->[androidx.emoji2:emoji2:1.2.0] AndroidManifest.xml:30:17-75
191                android:value="androidx.startup" />
191-->[androidx.emoji2:emoji2:1.2.0] AndroidManifest.xml:31:17-49
192            <meta-data
192-->[androidx.lifecycle:lifecycle-process:2.4.1] AndroidManifest.xml:31:13-33:52
193                android:name="androidx.lifecycle.ProcessLifecycleInitializer"
193-->[androidx.lifecycle:lifecycle-process:2.4.1] AndroidManifest.xml:32:17-78
194                android:value="androidx.startup" />
194-->[androidx.lifecycle:lifecycle-process:2.4.1] AndroidManifest.xml:33:17-49
195        </provider>
196
197        <activity
197-->[com.journeyapps:zxing-android-embedded:4.3.0] AndroidManifest.xml:47:9-53:63
198            android:name="com.journeyapps.barcodescanner.CaptureActivity"
198-->[com.journeyapps:zxing-android-embedded:4.3.0] AndroidManifest.xml:48:13-74
199            android:clearTaskOnLaunch="true"
199-->[com.journeyapps:zxing-android-embedded:4.3.0] AndroidManifest.xml:49:13-45
200            android:screenOrientation="sensorLandscape"
200-->[com.journeyapps:zxing-android-embedded:4.3.0] AndroidManifest.xml:50:13-56
201            android:stateNotNeeded="true"
201-->[com.journeyapps:zxing-android-embedded:4.3.0] AndroidManifest.xml:51:13-42
202            android:theme="@style/zxing_CaptureTheme"
202-->[com.journeyapps:zxing-android-embedded:4.3.0] AndroidManifest.xml:52:13-54
203            android:windowSoftInputMode="stateAlwaysHidden" />
203-->[com.journeyapps:zxing-android-embedded:4.3.0] AndroidManifest.xml:53:13-60
204
205        <provider
205-->[com.squareup.picasso:picasso:2.71828] AndroidManifest.xml:8:9-11:40
206            android:name="com.squareup.picasso.PicassoProvider"
206-->[com.squareup.picasso:picasso:2.71828] AndroidManifest.xml:9:13-64
207            android:authorities="com.example.hackathon.com.squareup.picasso"
207-->[com.squareup.picasso:picasso:2.71828] AndroidManifest.xml:10:13-72
208            android:exported="false" />
208-->[com.squareup.picasso:picasso:2.71828] AndroidManifest.xml:11:13-37
209    </application>
210
211</manifest>
>>>>>>> origin/Bilal